<testsuites id="" name="" tests="3" failures="0" skipped="0" errors="3" time="14.480411">
<testsuite name="Chapter03\07_Timeout_Test.spec.ts" timestamp="2026-04-09T15:13:43.207Z" hostname="chromium" tests="1" failures="0" skipped="0" time="8.819" errors="1">
<testcase name="Timeout test" classname="Chapter03\07_Timeout_Test.spec.ts" time="8.819">
<system-out>
<![CDATA[
[[ATTACHMENT|test-results\Chapter03-07_Timeout_Test-Timeout-test-chromium\error-context.md]]
]]>
</system-out>
<error message="locator.click: Timeout 3000ms exceeded." type="TimeoutError">
<![CDATA[  [chromium] › Chapter03\07_Timeout_Test.spec.ts:3:5 › Timeout test › Click on Sign-in ─────────────

    TimeoutError: locator.click: Timeout 3000ms exceeded.
    Call log:
      - waiting for getByRole('button', { name: 'Sign my in', exact: true })


      15 |   })
      16 |   await test.step('Click on Sign-in', async () => {
    > 17 |     await page.getByRole('button', { name: 'Sign my in', exact: true }).click({timeout : 3000});
         |                                                                         ^
      18 |   })
      19 |   await test.step('Validate error message', async () => {
      20 |     await expect(page.getByRole('alert')).toContainText('Incorrect my username or password.', {timeout : 5000});
        at C:\Users\swaga\Documents\PlayWright_Pipeline\tests\Chapter03\07_Timeout_Test.spec.ts:17:73
        at C:\Users\swaga\Documents\PlayWright_Pipeline\tests\Chapter03\07_Timeout_Test.spec.ts:16:3

    Error Context: ..\test-results\Chapter03-07_Timeout_Test-Timeout-test-chromium\error-context.md
]]>
</error>
</testcase>
</testsuite>
<testsuite name="Chapter03\07_Timeout_Test.spec.ts" timestamp="2026-04-09T15:13:43.207Z" hostname="firefox" tests="1" failures="0" skipped="0" time="9.222" errors="1">
<testcase name="Timeout test" classname="Chapter03\07_Timeout_Test.spec.ts" time="9.222">
<system-out>
<![CDATA[
[[ATTACHMENT|test-results\Chapter03-07_Timeout_Test-Timeout-test-firefox\error-context.md]]
]]>
</system-out>
<error message="locator.click: Timeout 3000ms exceeded." type="TimeoutError">
<![CDATA[  [firefox] › Chapter03\07_Timeout_Test.spec.ts:3:5 › Timeout test › Click on Sign-in ──────────────

    TimeoutError: locator.click: Timeout 3000ms exceeded.
    Call log:
      - waiting for getByRole('button', { name: 'Sign my in', exact: true })


      15 |   })
      16 |   await test.step('Click on Sign-in', async () => {
    > 17 |     await page.getByRole('button', { name: 'Sign my in', exact: true }).click({timeout : 3000});
         |                                                                         ^
      18 |   })
      19 |   await test.step('Validate error message', async () => {
      20 |     await expect(page.getByRole('alert')).toContainText('Incorrect my username or password.', {timeout : 5000});
        at C:\Users\swaga\Documents\PlayWright_Pipeline\tests\Chapter03\07_Timeout_Test.spec.ts:17:73
        at C:\Users\swaga\Documents\PlayWright_Pipeline\tests\Chapter03\07_Timeout_Test.spec.ts:16:3

    Error Context: ..\test-results\Chapter03-07_Timeout_Test-Timeout-test-firefox\error-context.md
]]>
</error>
</testcase>
</testsuite>
<testsuite name="Chapter03\07_Timeout_Test.spec.ts" timestamp="2026-04-09T15:13:43.207Z" hostname="webkit" tests="1" failures="0" skipped="0" time="12.764" errors="1">
<testcase name="Timeout test" classname="Chapter03\07_Timeout_Test.spec.ts" time="12.764">
<system-out>
<![CDATA[
[[ATTACHMENT|test-results\Chapter03-07_Timeout_Test-Timeout-test-webkit\error-context.md]]
]]>
</system-out>
<error message="locator.click: Timeout 3000ms exceeded." type="TimeoutError">
<![CDATA[  [webkit] › Chapter03\07_Timeout_Test.spec.ts:3:5 › Timeout test › Click on Sign-in ───────────────

    TimeoutError: locator.click: Timeout 3000ms exceeded.
    Call log:
      - waiting for getByRole('button', { name: 'Sign my in', exact: true })


      15 |   })
      16 |   await test.step('Click on Sign-in', async () => {
    > 17 |     await page.getByRole('button', { name: 'Sign my in', exact: true }).click({timeout : 3000});
         |                                                                         ^
      18 |   })
      19 |   await test.step('Validate error message', async () => {
      20 |     await expect(page.getByRole('alert')).toContainText('Incorrect my username or password.', {timeout : 5000});
        at C:\Users\swaga\Documents\PlayWright_Pipeline\tests\Chapter03\07_Timeout_Test.spec.ts:17:73
        at C:\Users\swaga\Documents\PlayWright_Pipeline\tests\Chapter03\07_Timeout_Test.spec.ts:16:3

    Error Context: ..\test-results\Chapter03-07_Timeout_Test-Timeout-test-webkit\error-context.md
]]>
</error>
</testcase>
</testsuite>
</testsuites>